[2025-04-01T16:55:48.081Z] ERROR: POST /api/products
ValidationError: Product validation failed: productType: Product type is required, wholesalePrice: Wholesale price is required, retailPrice: Retail price is required, productCode: Product code is required, name: Product name is required
    at Document.invalidate (/Users/dasuncharuka/Desktop/sathira_sweet2/server/node_modules/mongoose/lib/document.js:3329:32)
    at /Users/dasuncharuka/Desktop/sathira_sweet2/server/node_modules/mongoose/lib/document.js:3090:17
    at /Users/dasuncharuka/Desktop/sathira_sweet2/server/node_modules/mongoose/lib/schemaType.js:1407:9
    at process.processTicksAndRejections (node:internal/process/task_queues:85:11)

[2025-04-01T19:22:13.358Z] ERROR: POST /api/products
MongoServerError: Transaction numbers are only allowed on a replica set member or mongos
    at Connection.sendCommand (/Users/dasuncharuka/Desktop/sathira_sweet2/server/node_modules/mongodb/lib/cmap/connection.js:299:27)
    at process.processTicksAndRejections (node:internal/process/task_queues:105:5)
    at async Connection.command (/Users/dasuncharuka/Desktop/sathira_sweet2/server/node_modules/mongodb/lib/cmap/connection.js:327:26)
    at async Server.command (/Users/dasuncharuka/Desktop/sathira_sweet2/server/node_modules/mongodb/lib/sdam/server.js:168:29)
    at async InsertOneOperation.executeCommand (/Users/dasuncharuka/Desktop/sathira_sweet2/server/node_modules/mongodb/lib/operations/command.js:76:16)
    at async InsertOneOperation.execute (/Users/dasuncharuka/Desktop/sathira_sweet2/server/node_modules/mongodb/lib/operations/insert.js:37:16)
    at async InsertOneOperation.execute (/Users/dasuncharuka/Desktop/sathira_sweet2/server/node_modules/mongodb/lib/operations/insert.js:46:21)
    at async tryOperation (/Users/dasuncharuka/Desktop/sathira_sweet2/server/node_modules/mongodb/lib/operations/execute_operation.js:207:20)
    at async executeOperation (/Users/dasuncharuka/Desktop/sathira_sweet2/server/node_modules/mongodb/lib/operations/execute_operation.js:75:16)
    at async Collection.insertOne (/Users/dasuncharuka/Desktop/sathira_sweet2/server/node_modules/mongodb/lib/collection.js:157:16)

[2025-04-01T19:27:50.188Z] ERROR: POST /api/products
MongoServerError: Transaction numbers are only allowed on a replica set member or mongos
    at Connection.sendCommand (/Users/dasuncharuka/Desktop/sathira_sweet2/server/node_modules/mongodb/lib/cmap/connection.js:299:27)
    at process.processTicksAndRejections (node:internal/process/task_queues:105:5)
    at async Connection.command (/Users/dasuncharuka/Desktop/sathira_sweet2/server/node_modules/mongodb/lib/cmap/connection.js:327:26)
    at async Server.command (/Users/dasuncharuka/Desktop/sathira_sweet2/server/node_modules/mongodb/lib/sdam/server.js:168:29)
    at async InsertOneOperation.executeCommand (/Users/dasuncharuka/Desktop/sathira_sweet2/server/node_modules/mongodb/lib/operations/command.js:76:16)
    at async InsertOneOperation.execute (/Users/dasuncharuka/Desktop/sathira_sweet2/server/node_modules/mongodb/lib/operations/insert.js:37:16)
    at async InsertOneOperation.execute (/Users/dasuncharuka/Desktop/sathira_sweet2/server/node_modules/mongodb/lib/operations/insert.js:46:21)
    at async tryOperation (/Users/dasuncharuka/Desktop/sathira_sweet2/server/node_modules/mongodb/lib/operations/execute_operation.js:207:20)
    at async executeOperation (/Users/dasuncharuka/Desktop/sathira_sweet2/server/node_modules/mongodb/lib/operations/execute_operation.js:75:16)
    at async Collection.insertOne (/Users/dasuncharuka/Desktop/sathira_sweet2/server/node_modules/mongodb/lib/collection.js:157:16)

[2025-04-01T19:27:58.935Z] ERROR: POST /api/products
MongoServerError: Transaction numbers are only allowed on a replica set member or mongos
    at Connection.sendCommand (/Users/dasuncharuka/Desktop/sathira_sweet2/server/node_modules/mongodb/lib/cmap/connection.js:299:27)
    at process.processTicksAndRejections (node:internal/process/task_queues:105:5)
    at async Connection.command (/Users/dasuncharuka/Desktop/sathira_sweet2/server/node_modules/mongodb/lib/cmap/connection.js:327:26)
    at async Server.command (/Users/dasuncharuka/Desktop/sathira_sweet2/server/node_modules/mongodb/lib/sdam/server.js:168:29)
    at async InsertOneOperation.executeCommand (/Users/dasuncharuka/Desktop/sathira_sweet2/server/node_modules/mongodb/lib/operations/command.js:76:16)
    at async InsertOneOperation.execute (/Users/dasuncharuka/Desktop/sathira_sweet2/server/node_modules/mongodb/lib/operations/insert.js:37:16)
    at async InsertOneOperation.execute (/Users/dasuncharuka/Desktop/sathira_sweet2/server/node_modules/mongodb/lib/operations/insert.js:46:21)
    at async tryOperation (/Users/dasuncharuka/Desktop/sathira_sweet2/server/node_modules/mongodb/lib/operations/execute_operation.js:207:20)
    at async executeOperation (/Users/dasuncharuka/Desktop/sathira_sweet2/server/node_modules/mongodb/lib/operations/execute_operation.js:75:16)
    at async Collection.insertOne (/Users/dasuncharuka/Desktop/sathira_sweet2/server/node_modules/mongodb/lib/collection.js:157:16)

[2025-04-01T19:28:03.265Z] ERROR: POST /api/products
MongoServerError: Transaction numbers are only allowed on a replica set member or mongos
    at Connection.sendCommand (/Users/dasuncharuka/Desktop/sathira_sweet2/server/node_modules/mongodb/lib/cmap/connection.js:299:27)
    at process.processTicksAndRejections (node:internal/process/task_queues:105:5)
    at async Connection.command (/Users/dasuncharuka/Desktop/sathira_sweet2/server/node_modules/mongodb/lib/cmap/connection.js:327:26)
    at async Server.command (/Users/dasuncharuka/Desktop/sathira_sweet2/server/node_modules/mongodb/lib/sdam/server.js:168:29)
    at async InsertOneOperation.executeCommand (/Users/dasuncharuka/Desktop/sathira_sweet2/server/node_modules/mongodb/lib/operations/command.js:76:16)
    at async InsertOneOperation.execute (/Users/dasuncharuka/Desktop/sathira_sweet2/server/node_modules/mongodb/lib/operations/insert.js:37:16)
    at async InsertOneOperation.execute (/Users/dasuncharuka/Desktop/sathira_sweet2/server/node_modules/mongodb/lib/operations/insert.js:46:21)
    at async tryOperation (/Users/dasuncharuka/Desktop/sathira_sweet2/server/node_modules/mongodb/lib/operations/execute_operation.js:207:20)
    at async executeOperation (/Users/dasuncharuka/Desktop/sathira_sweet2/server/node_modules/mongodb/lib/operations/execute_operation.js:75:16)
    at async Collection.insertOne (/Users/dasuncharuka/Desktop/sathira_sweet2/server/node_modules/mongodb/lib/collection.js:157:16)

[2025-04-01T19:31:19.196Z] ERROR: POST /api/products
MongoServerError: Transaction numbers are only allowed on a replica set member or mongos
    at Connection.sendCommand (/Users/dasuncharuka/Desktop/sathira_sweet2/server/node_modules/mongodb/lib/cmap/connection.js:299:27)
    at process.processTicksAndRejections (node:internal/process/task_queues:105:5)
    at async Connection.command (/Users/dasuncharuka/Desktop/sathira_sweet2/server/node_modules/mongodb/lib/cmap/connection.js:327:26)
    at async Server.command (/Users/dasuncharuka/Desktop/sathira_sweet2/server/node_modules/mongodb/lib/sdam/server.js:168:29)
    at async InsertOneOperation.executeCommand (/Users/dasuncharuka/Desktop/sathira_sweet2/server/node_modules/mongodb/lib/operations/command.js:76:16)
    at async InsertOneOperation.execute (/Users/dasuncharuka/Desktop/sathira_sweet2/server/node_modules/mongodb/lib/operations/insert.js:37:16)
    at async InsertOneOperation.execute (/Users/dasuncharuka/Desktop/sathira_sweet2/server/node_modules/mongodb/lib/operations/insert.js:46:21)
    at async tryOperation (/Users/dasuncharuka/Desktop/sathira_sweet2/server/node_modules/mongodb/lib/operations/execute_operation.js:207:20)
    at async executeOperation (/Users/dasuncharuka/Desktop/sathira_sweet2/server/node_modules/mongodb/lib/operations/execute_operation.js:75:16)
    at async Collection.insertOne (/Users/dasuncharuka/Desktop/sathira_sweet2/server/node_modules/mongodb/lib/collection.js:157:16)

[2025-04-01T19:45:00.466Z] ERROR: POST /api/products
CastError: Cast to ObjectId failed for value "supplier1" (type string) at path "_id" for model "Supplier"
    at SchemaObjectId.cast (/Users/dasuncharuka/Desktop/sathira_sweet2/server/node_modules/mongoose/lib/schema/objectId.js:251:11)
    at SchemaType.applySetters (/Users/dasuncharuka/Desktop/sathira_sweet2/server/node_modules/mongoose/lib/schemaType.js:1255:12)
    at SchemaType.castForQuery (/Users/dasuncharuka/Desktop/sathira_sweet2/server/node_modules/mongoose/lib/schemaType.js:1673:17)
    at cast (/Users/dasuncharuka/Desktop/sathira_sweet2/server/node_modules/mongoose/lib/cast.js:390:32)
    at Query.cast (/Users/dasuncharuka/Desktop/sathira_sweet2/server/node_modules/mongoose/lib/query.js:4907:12)
    at Query._castConditions (/Users/dasuncharuka/Desktop/sathira_sweet2/server/node_modules/mongoose/lib/query.js:2325:10)
    at model.Query._findOne (/Users/dasuncharuka/Desktop/sathira_sweet2/server/node_modules/mongoose/lib/query.js:2648:8)
    at model.Query.exec (/Users/dasuncharuka/Desktop/sathira_sweet2/server/node_modules/mongoose/lib/query.js:4456:80)
    at process.processTicksAndRejections (node:internal/process/task_queues:105:5)
    at async createProduct (/Users/dasuncharuka/Desktop/sathira_sweet2/server/controllers/productController.js:224:30)

[2025-04-01T20:16:57.031Z] ERROR: POST /api/products
CastError: Cast to ObjectId failed for value "supplier1" (type string) at path "_id" for model "Supplier"
    at SchemaObjectId.cast (/Users/dasuncharuka/Desktop/sathira_sweet2/server/node_modules/mongoose/lib/schema/objectId.js:251:11)
    at SchemaType.applySetters (/Users/dasuncharuka/Desktop/sathira_sweet2/server/node_modules/mongoose/lib/schemaType.js:1255:12)
    at SchemaType.castForQuery (/Users/dasuncharuka/Desktop/sathira_sweet2/server/node_modules/mongoose/lib/schemaType.js:1673:17)
    at cast (/Users/dasuncharuka/Desktop/sathira_sweet2/server/node_modules/mongoose/lib/cast.js:390:32)
    at Query.cast (/Users/dasuncharuka/Desktop/sathira_sweet2/server/node_modules/mongoose/lib/query.js:4907:12)
    at Query._castConditions (/Users/dasuncharuka/Desktop/sathira_sweet2/server/node_modules/mongoose/lib/query.js:2325:10)
    at model.Query._findOne (/Users/dasuncharuka/Desktop/sathira_sweet2/server/node_modules/mongoose/lib/query.js:2648:8)
    at model.Query.exec (/Users/dasuncharuka/Desktop/sathira_sweet2/server/node_modules/mongoose/lib/query.js:4456:80)
    at process.processTicksAndRejections (node:internal/process/task_queues:105:5)
    at async createProduct (/Users/dasuncharuka/Desktop/sathira_sweet2/server/controllers/productController.js:224:30)

